2019-03-10 14:32:55,345 INFO [main] o.a.n.b.NotificationServiceManager Successfully loaded the following 0 services: []
2019-03-10 14:32:55,347 INFO [main] org.apache.nifi.bootstrap.RunNiFi Registered no Notification Services for Notification Type NIFI_STARTED
2019-03-10 14:32:55,347 INFO [main] org.apache.nifi.bootstrap.RunNiFi Registered no Notification Services for Notification Type NIFI_STOPPED
2019-03-10 14:32:55,347 INFO [main] org.apache.nifi.bootstrap.RunNiFi Registered no Notification Services for Notification Type NIFI_DIED
2019-03-10 14:32:55,360 INFO [main] org.apache.nifi.bootstrap.Command Starting Apache NiFi...
2019-03-10 14:32:55,360 INFO [main] org.apache.nifi.bootstrap.Command Working Directory: D:\NiFiDemo\nifi-1.9.0
2019-03-10 14:32:55,360 INFO [main] org.apache.nifi.bootstrap.Command Command: C:\Program Files (x86)\Java\jdk1.8.0_191\bin\java.exe -classpath D:\NiFiDemo\nifi-1.9.0\.\conf;D:\NiFiDemo\nifi-1.9.0\.\lib\javax.servlet-api-3.1.0.jar;D:\NiFiDemo\nifi-1.9.0\.\lib\jcl-over-slf4j-1.7.25.jar;D:\NiFiDemo\nifi-1.9.0\.\lib\jetty-schemas-3.1.jar;D:\NiFiDemo\nifi-1.9.0\.\lib\jul-to-slf4j-1.7.25.jar;D:\NiFiDemo\nifi-1.9.0\.\lib\log4j-over-slf4j-1.7.25.jar;D:\NiFiDemo\nifi-1.9.0\.\lib\logback-classic-1.2.3.jar;D:\NiFiDemo\nifi-1.9.0\.\lib\logback-core-1.2.3.jar;D:\NiFiDemo\nifi-1.9.0\.\lib\nifi-api-1.9.0.jar;D:\NiFiDemo\nifi-1.9.0\.\lib\nifi-framework-api-1.9.0.jar;D:\NiFiDemo\nifi-1.9.0\.\lib\nifi-nar-utils-1.9.0.jar;D:\NiFiDemo\nifi-1.9.0\.\lib\nifi-properties-1.9.0.jar;D:\NiFiDemo\nifi-1.9.0\.\lib\nifi-runtime-1.9.0.jar;D:\NiFiDemo\nifi-1.9.0\.\lib\slf4j-api-1.7.25.jar -Dorg.apache.jasper.compiler.disablejsr199=true -Xmx512m -Xms512m -Djavax.security.auth.useSubjectCredsOnly=true -Djava.security.egd=file:/dev/urandom -Dsun.net.http.allowRestrictedHeaders=true -Djava.net.preferIPv4Stack=true -Djava.awt.headless=true -XX:+UseG1GC -Djava.protocol.handler.pkgs=sun.net.www.protocol -Dnifi.properties.file.path=D:\NiFiDemo\nifi-1.9.0\.\conf\nifi.properties -Dnifi.bootstrap.listen.port=59730 -Dapp=NiFi -Dorg.apache.nifi.bootstrap.config.log.dir=D:\NiFiDemo\nifi-1.9.0\bin\..\\logs org.apache.nifi.NiFi 
2019-03-10 14:32:55,656 WARN [main] org.apache.nifi.bootstrap.Command Failed to set permissions so that only the owner can read pid file D:\NiFiDemo\nifi-1.9.0\bin\..\run\nifi.pid; this may allows others to have access to the key needed to communicate with NiFi. Permissions should be changed so that only the owner can read this file
2019-03-10 14:32:55,753 WARN [main] org.apache.nifi.bootstrap.Command Failed to set permissions so that only the owner can read status file D:\NiFiDemo\nifi-1.9.0\bin\..\run\nifi.status; this may allows others to have access to the key needed to communicate with NiFi. Permissions should be changed so that only the owner can read this file
2019-03-10 14:32:55,847 INFO [main] org.apache.nifi.bootstrap.Command Launched Apache NiFi with Process ID 1320
2019-03-10 14:32:56,407 WARN [NiFi Bootstrap Command Listener] org.apache.nifi.bootstrap.RunNiFi Failed to set permissions so that only the owner can read pid file D:\NiFiDemo\nifi-1.9.0\bin\..\run\nifi.pid; this may allows others to have access to the key needed to communicate with NiFi. Permissions should be changed so that only the owner can read this file
2019-03-10 14:32:56,503 WARN [NiFi Bootstrap Command Listener] org.apache.nifi.bootstrap.RunNiFi Failed to set permissions so that only the owner can read status file D:\NiFiDemo\nifi-1.9.0\bin\..\run\nifi.status; this may allows others to have access to the key needed to communicate with NiFi. Permissions should be changed so that only the owner can read this file
2019-03-10 14:32:56,596 INFO [NiFi Bootstrap Command Listener] org.apache.nifi.bootstrap.RunNiFi Apache NiFi now running and listening for Bootstrap requests on port 59731
2019-03-10 14:36:00,706 INFO [main] o.a.n.b.NotificationServiceManager Successfully loaded the following 0 services: []
2019-03-10 14:36:00,708 INFO [main] org.apache.nifi.bootstrap.RunNiFi Registered no Notification Services for Notification Type NIFI_STARTED
2019-03-10 14:36:00,708 INFO [main] org.apache.nifi.bootstrap.RunNiFi Registered no Notification Services for Notification Type NIFI_STOPPED
2019-03-10 14:36:00,708 INFO [main] org.apache.nifi.bootstrap.RunNiFi Registered no Notification Services for Notification Type NIFI_DIED
2019-03-10 14:36:00,720 INFO [main] org.apache.nifi.bootstrap.Command Starting Apache NiFi...
2019-03-10 14:36:00,720 INFO [main] org.apache.nifi.bootstrap.Command Working Directory: D:\NiFiDemo\nifi-1.9.0
2019-03-10 14:36:00,720 INFO [main] org.apache.nifi.bootstrap.Command Command: C:\Program Files (x86)\Java\jdk1.8.0_191\bin\java.exe -classpath D:\NiFiDemo\nifi-1.9.0\.\conf;D:\NiFiDemo\nifi-1.9.0\.\lib\javax.servlet-api-3.1.0.jar;D:\NiFiDemo\nifi-1.9.0\.\lib\jcl-over-slf4j-1.7.25.jar;D:\NiFiDemo\nifi-1.9.0\.\lib\jetty-schemas-3.1.jar;D:\NiFiDemo\nifi-1.9.0\.\lib\jul-to-slf4j-1.7.25.jar;D:\NiFiDemo\nifi-1.9.0\.\lib\log4j-over-slf4j-1.7.25.jar;D:\NiFiDemo\nifi-1.9.0\.\lib\logback-classic-1.2.3.jar;D:\NiFiDemo\nifi-1.9.0\.\lib\logback-core-1.2.3.jar;D:\NiFiDemo\nifi-1.9.0\.\lib\nifi-api-1.9.0.jar;D:\NiFiDemo\nifi-1.9.0\.\lib\nifi-framework-api-1.9.0.jar;D:\NiFiDemo\nifi-1.9.0\.\lib\nifi-nar-utils-1.9.0.jar;D:\NiFiDemo\nifi-1.9.0\.\lib\nifi-properties-1.9.0.jar;D:\NiFiDemo\nifi-1.9.0\.\lib\nifi-runtime-1.9.0.jar;D:\NiFiDemo\nifi-1.9.0\.\lib\slf4j-api-1.7.25.jar -Dorg.apache.jasper.compiler.disablejsr199=true -Xmx512m -Xms512m -Djavax.security.auth.useSubjectCredsOnly=true -Djava.security.egd=file:/dev/urandom -Dsun.net.http.allowRestrictedHeaders=true -Djava.net.preferIPv4Stack=true -Djava.awt.headless=true -XX:+UseG1GC -Djava.protocol.handler.pkgs=sun.net.www.protocol -Dnifi.properties.file.path=D:\NiFiDemo\nifi-1.9.0\.\conf\nifi.properties -Dnifi.bootstrap.listen.port=59853 -Dapp=NiFi -Dorg.apache.nifi.bootstrap.config.log.dir=D:\NiFiDemo\nifi-1.9.0\bin\..\\logs org.apache.nifi.NiFi 
2019-03-10 14:36:01,004 WARN [main] org.apache.nifi.bootstrap.Command Failed to set permissions so that only the owner can read pid file D:\NiFiDemo\nifi-1.9.0\bin\..\run\nifi.pid; this may allows others to have access to the key needed to communicate with NiFi. Permissions should be changed so that only the owner can read this file
2019-03-10 14:36:01,052 WARN [main] org.apache.nifi.bootstrap.Command Failed to set permissions so that only the owner can read status file D:\NiFiDemo\nifi-1.9.0\bin\..\run\nifi.status; this may allows others to have access to the key needed to communicate with NiFi. Permissions should be changed so that only the owner can read this file
2019-03-10 14:36:01,093 INFO [main] org.apache.nifi.bootstrap.Command Launched Apache NiFi with Process ID 18952
2019-03-10 14:36:01,276 WARN [NiFi Bootstrap Command Listener] org.apache.nifi.bootstrap.RunNiFi Failed to set permissions so that only the owner can read pid file D:\NiFiDemo\nifi-1.9.0\bin\..\run\nifi.pid; this may allows others to have access to the key needed to communicate with NiFi. Permissions should be changed so that only the owner can read this file
2019-03-10 14:36:01,317 WARN [NiFi Bootstrap Command Listener] org.apache.nifi.bootstrap.RunNiFi Failed to set permissions so that only the owner can read status file D:\NiFiDemo\nifi-1.9.0\bin\..\run\nifi.status; this may allows others to have access to the key needed to communicate with NiFi. Permissions should be changed so that only the owner can read this file
2019-03-10 14:36:01,363 INFO [NiFi Bootstrap Command Listener] org.apache.nifi.bootstrap.RunNiFi Apache NiFi now running and listening for Bootstrap requests on port 59854
2019-03-10 18:51:42,814 INFO [main] o.a.n.b.NotificationServiceManager Successfully loaded the following 0 services: []
2019-03-10 18:51:42,817 INFO [main] org.apache.nifi.bootstrap.RunNiFi Registered no Notification Services for Notification Type NIFI_STARTED
2019-03-10 18:51:42,817 INFO [main] org.apache.nifi.bootstrap.RunNiFi Registered no Notification Services for Notification Type NIFI_STOPPED
2019-03-10 18:51:42,817 INFO [main] org.apache.nifi.bootstrap.RunNiFi Registered no Notification Services for Notification Type NIFI_DIED
2019-03-10 18:51:42,826 INFO [main] org.apache.nifi.bootstrap.Command Starting Apache NiFi...
2019-03-10 18:51:42,826 INFO [main] org.apache.nifi.bootstrap.Command Working Directory: D:\NiFiDemo\nifi-1.9.0
2019-03-10 18:51:42,827 INFO [main] org.apache.nifi.bootstrap.Command Command: C:\Program Files (x86)\Java\jdk1.8.0_191\bin\java.exe -classpath D:\NiFiDemo\nifi-1.9.0\.\conf;D:\NiFiDemo\nifi-1.9.0\.\lib\javax.servlet-api-3.1.0.jar;D:\NiFiDemo\nifi-1.9.0\.\lib\jcl-over-slf4j-1.7.25.jar;D:\NiFiDemo\nifi-1.9.0\.\lib\jetty-schemas-3.1.jar;D:\NiFiDemo\nifi-1.9.0\.\lib\jul-to-slf4j-1.7.25.jar;D:\NiFiDemo\nifi-1.9.0\.\lib\log4j-over-slf4j-1.7.25.jar;D:\NiFiDemo\nifi-1.9.0\.\lib\logback-classic-1.2.3.jar;D:\NiFiDemo\nifi-1.9.0\.\lib\logback-core-1.2.3.jar;D:\NiFiDemo\nifi-1.9.0\.\lib\nifi-api-1.9.0.jar;D:\NiFiDemo\nifi-1.9.0\.\lib\nifi-framework-api-1.9.0.jar;D:\NiFiDemo\nifi-1.9.0\.\lib\nifi-nar-utils-1.9.0.jar;D:\NiFiDemo\nifi-1.9.0\.\lib\nifi-properties-1.9.0.jar;D:\NiFiDemo\nifi-1.9.0\.\lib\nifi-runtime-1.9.0.jar;D:\NiFiDemo\nifi-1.9.0\.\lib\slf4j-api-1.7.25.jar -Dorg.apache.jasper.compiler.disablejsr199=true -Xmx512m -Xms512m -Djavax.security.auth.useSubjectCredsOnly=true -Djava.security.egd=file:/dev/urandom -Dsun.net.http.allowRestrictedHeaders=true -Djava.net.preferIPv4Stack=true -Djava.awt.headless=true -XX:+UseG1GC -Djava.protocol.handler.pkgs=sun.net.www.protocol -Dnifi.properties.file.path=D:\NiFiDemo\nifi-1.9.0\.\conf\nifi.properties -Dnifi.bootstrap.listen.port=60171 -Dapp=NiFi -Dorg.apache.nifi.bootstrap.config.log.dir=D:\NiFiDemo\nifi-1.9.0\bin\..\\logs org.apache.nifi.NiFi 
2019-03-10 18:51:43,109 WARN [main] org.apache.nifi.bootstrap.Command Failed to set permissions so that only the owner can read pid file D:\NiFiDemo\nifi-1.9.0\bin\..\run\nifi.pid; this may allows others to have access to the key needed to communicate with NiFi. Permissions should be changed so that only the owner can read this file
2019-03-10 18:51:43,202 WARN [main] org.apache.nifi.bootstrap.Command Failed to set permissions so that only the owner can read status file D:\NiFiDemo\nifi-1.9.0\bin\..\run\nifi.status; this may allows others to have access to the key needed to communicate with NiFi. Permissions should be changed so that only the owner can read this file
2019-03-10 18:51:43,296 INFO [main] org.apache.nifi.bootstrap.Command Launched Apache NiFi with Process ID 8280
2019-03-10 18:51:43,386 WARN [NiFi Bootstrap Command Listener] org.apache.nifi.bootstrap.RunNiFi Failed to set permissions so that only the owner can read pid file D:\NiFiDemo\nifi-1.9.0\bin\..\run\nifi.pid; this may allows others to have access to the key needed to communicate with NiFi. Permissions should be changed so that only the owner can read this file
2019-03-10 18:51:43,477 WARN [NiFi Bootstrap Command Listener] org.apache.nifi.bootstrap.RunNiFi Failed to set permissions so that only the owner can read status file D:\NiFiDemo\nifi-1.9.0\bin\..\run\nifi.status; this may allows others to have access to the key needed to communicate with NiFi. Permissions should be changed so that only the owner can read this file
2019-03-10 18:51:43,571 INFO [NiFi Bootstrap Command Listener] org.apache.nifi.bootstrap.RunNiFi Apache NiFi now running and listening for Bootstrap requests on port 60172
